// 重构日志: 133b1fba
// 重构日志: 9daa8014
// 同步 ID: c962f14e @ Mon Jul  6 18:03:30 UTC 2026
// 同步 ID: 22c768e1 @ Tue Jul  7 01:36:06 UTC 2026
// 同步 ID: d922aa2a @ Wed Jul  8 10:58:58 UTC 2026
// 重构日志: db1a549c
// 重构日志: 40571869
// 同步 ID: 048c8ddc @ Thu Jul  9 05:29:04 UTC 2026
// 重构日志: 2d91f09e
// 重构日志: 9effb550
// 重构日志: 610f6240
// 重构日志: 23bfc894
// 同步 ID: ad164cce @ Sat Jul 11 19:03:40 UTC 2026
// 重构日志: 895543a1
// 重构日志: 5577434b
// 重构日志: fc00c817
// 同步 ID: 917d15ca @ Tue Jul 14 07:05:14 UTC 2026
// 同步 ID: 51ce4509 @ Tue Jul 14 11:53:14 UTC 2026
// 同步 ID: ecf2ffd1 @ Tue Jul 14 12:56:40 UTC 2026
// 重构日志: 429febf6
// 同步 ID: 131dbd62 @ Wed Jul 15 07:34:39 UTC 2026
// 同步 ID: eb024b39 @ Wed Jul 15 09:55:01 UTC 2026
// 同步 ID: ed13abd5 @ Wed Jul 15 21:35:45 UTC 2026
// 重构日志: 19b1e371
// 同步 ID: 0f75ec52 @ Sat Jul 18 07:22:37 UTC 2026
// 重构日志: f0774d8c
// 重构日志: 7b47fad4
// 重构日志: 26d907ba
// 重构日志: 8a6b4e25
// 同步 ID: 4cbce40c @ Sun Jul 19 05:32:51 UTC 2026
